<?xml version="1.0" encoding="UTF-8"?>
<!-- Generated by org.testng.reporters.JUnitXMLReporter -->
<testsuite ignored="10" hostname="IN-61DF8C3" failures="1" tests="23" name="Surefire test" time="165.988" errors="0" timestamp="2024-06-14T10:54:30 IST">
  <testcase classname="tests.CartPageTest" name="verifyProductAddedToCart" time="6.75"/>
  <testcase classname="tests.CartPageTest" name="verifyIncreaseQuantity" time="8.973"/>
  <testcase classname="tests.CartPageTest" name="verifyRemoveProduct" time="4.414">
    <failure type="org.openqa.selenium.StaleElementReferenceException" message="stale element reference: stale element not found in the current frame
  (Session info: chrome=125.0.6422.142)
For documentation on this error, please visit: https://www.selenium.dev/documentation/webdriver/troubleshooting/errors#stale-element-reference-exception
Build info: version: &amp;apos;4.21.0&amp;apos;, revision: &amp;apos;79ed462ef4&amp;apos;
System info: os.name: &amp;apos;Windows 10&amp;apos;, os.arch: &amp;apos;amd64&amp;apos;, os.version: &amp;apos;10.0&amp;apos;, java.version: &amp;apos;11.0.1&amp;apos;
Driver info: org.openqa.selenium.chrome.ChromeDriver
Command: [c11e25752bebf529953d17754af78279, actions {actions=[org.openqa.selenium.interactions.Sequence@18e4674d]}]
Capabilities {acceptInsecureCerts: false, browserName: chrome, browserVersion: 125.0.6422.142, chrome: {chromedriverVersion: 125.0.6422.141 (4b1e8393712..., userDataDir: C:\Users\ASHISH~1\AppData\L...}, fedcm:accounts: true, goog:chromeOptions: {debuggerAddress: localhost:54608}, networkConnectionEnabled: false, pageLoadStrategy: normal, platformName: windows, proxy: Proxy(), se:cdp: ws://localhost:54608/devtoo..., se:cdpVersion: 125.0.6422.142, setWindowRect: true, strictFileInteractability: false, timeouts: {implicit: 0, pageLoad: 300000, script: 30000}, unhandledPromptBehavior: dismiss and notify, webauthn:extension:credBlob: true, webauthn:extension:largeBlob: true, webauthn:extension:minPinLength: true, webauthn:extension:prf: true, webauthn:virtualAuthenticators: true}
Session ID: c11e25752bebf529953d17754af78279">
      <![CDATA[org.openqa.selenium.StaleElementReferenceException: stale element reference: stale element not found in the current frame
  (Session info: chrome=125.0.6422.142)
For documentation on this error, please visit: https://www.selenium.dev/documentation/webdriver/troubleshooting/errors#stale-element-reference-exception
Build info: version: '4.21.0', revision: '79ed462ef4'
System info: os.name: 'Windows 10', os.arch: 'amd64', os.version: '10.0', java.version: '11.0.1'
Driver info: org.openqa.selenium.chrome.ChromeDriver
Command: [c11e25752bebf529953d17754af78279, actions {actions=[org.openqa.selenium.interactions.Sequence@18e4674d]}]
Capabilities {acceptInsecureCerts: false, browserName: chrome, browserVersion: 125.0.6422.142, chrome: {chromedriverVersion: 125.0.6422.141 (4b1e8393712..., userDataDir: C:\Users\ASHISH~1\AppData\L...}, fedcm:accounts: true, goog:chromeOptions: {debuggerAddress: localhost:54608}, networkConnectionEnabled: false, pageLoadStrategy: normal, platformName: windows, proxy: Proxy(), se:cdp: ws://localhost:54608/devtoo..., se:cdpVersion: 125.0.6422.142, setWindowRect: true, strictFileInteractability: false, timeouts: {implicit: 0, pageLoad: 300000, script: 30000}, unhandledPromptBehavior: dismiss and notify, webauthn:extension:credBlob: true, webauthn:extension:largeBlob: true, webauthn:extension:minPinLength: true, webauthn:extension:prf: true, webauthn:virtualAuthenticators: true}
Session ID: c11e25752bebf529953d17754af78279
at org.openqa.selenium.remote.ErrorCodec.decode(ErrorCodec.java:167)
at org.openqa.selenium.remote.codec.w3c.W3CHttpResponseCodec.decode(W3CHttpResponseCodec.java:138)
at org.openqa.selenium.remote.codec.w3c.W3CHttpResponseCodec.decode(W3CHttpResponseCodec.java:50)
at org.openqa.selenium.remote.HttpCommandExecutor.execute(HttpCommandExecutor.java:190)
at org.openqa.selenium.remote.service.DriverCommandExecutor.invokeExecute(DriverCommandExecutor.java:216)
at org.openqa.selenium.remote.service.DriverCommandExecutor.execute(DriverCommandExecutor.java:174)
at org.openqa.selenium.remote.RemoteWebDriver.execute(RemoteWebDriver.java:518)
at org.openqa.selenium.remote.RemoteWebDriver.perform(RemoteWebDriver.java:604)
at org.openqa.selenium.interactions.Actions$BuiltAction.perform(Actions.java:603)
at pages.ProductPage.clickAddToCart(ProductPage.java:59)
at tests.CartPageTest.verifyRemoveProduct(CartPageTest.java:75)
at java.base/java.util.ArrayList.forEach(ArrayList.java:1540)
... Removed 36 stack frames]]>
    </failure>
  </testcase> <!-- verifyRemoveProduct -->
  <testcase classname="tests.FooterLinkTest" name="verifyAboutUsLinkPresence" time="0.26"/>
  <testcase classname="tests.FooterLinkTest" name="verifyContactUsLinkPresence" time="0.027"/>
  <testcase classname="tests.FooterLinkTest" name="verifyCareersLinkPresence" time="0.027"/>
  <testcase classname="tests.FooterLinkTest" name="verifyPrivacyPolicyLinkPresence" time="0.03"/>
  <testcase classname="tests.FooterLinkTest" name="verifyMyntraLinkPresence" time="0.029"/>
  <testcase classname="tests.FooterLinkTest" name="verifyNavigationToAboutUsPage" time="1.516"/>
  <testcase classname="tests.FooterLinkTest" name="verifyNavigationToContactUsPage" time="1.105"/>
  <testcase classname="tests.FooterLinkTest" name="verifyNavigationToCareersPage" time="2.169"/>
  <testcase classname="tests.FooterLinkTest" name="verifyNavigationToPrivacyPolicyPage" time="1.396"/>
  <testcase classname="tests.FooterLinkTest" name="verifyNavigationToMyntraPage" time="4.65"/>
  <testcase classname="tests.HomePageTest" name="verifyHomePageTitle" time="0.008"/>
  <testcase classname="tests.HomePageTest" name="verifyGroceryNavigation" time="4.116"/>
  <testcase classname="tests.HomePageTest" name="testSearchFunctionality" time="2.3"/>
  <testcase classname="tests.HomePageTest" name="testSearchFunctionality" time="2.656"/>
  <testcase classname="tests.HomePageTest" name="testGoToLoginPage" time="1.815"/>
  <testcase classname="tests.HomePageTest" name="verifyCartIconPresence" time="0.042"/>
  <testcase classname="tests.HomePageTest" name="verifyFlipkartLogoPresence" time="0.048"/>
  <testcase classname="tests.LoginTest" name="testEnterEmail" time="2.835"/>
  <testcase classname="tests.LoginTest" name="testGoToSignupPage" time="2.82"/>
  <testcase classname="tests.ProductsPageTest" name="testAddToCart" time="7.984"/>
  <testcase classname="tests.BaseTest" name="@BeforeSuite setUpSuite" time="0.0">
    <ignored/>
  </testcase> <!-- @BeforeSuite setUpSuite -->
  <testcase classname="tests.BaseTest" name="@AfterSuite tearDownSuite" time="0.0">
    <ignored/>
  </testcase> <!-- @AfterSuite tearDownSuite -->
  <testcase classname="tests.BaseTest" name="@AfterSuite tearDownSuite" time="0.0">
    <ignored/>
  </testcase> <!-- @AfterSuite tearDownSuite -->
  <testcase classname="tests.BaseTest" name="@BeforeSuite setUpSuite" time="0.0">
    <ignored/>
  </testcase> <!-- @BeforeSuite setUpSuite -->
  <testcase classname="tests.BaseTest" name="@AfterSuite tearDownSuite" time="0.0">
    <ignored/>
  </testcase> <!-- @AfterSuite tearDownSuite -->
  <testcase classname="tests.BaseTest" name="@BeforeSuite setUpSuite" time="0.0">
    <ignored/>
  </testcase> <!-- @BeforeSuite setUpSuite -->
  <testcase classname="tests.BaseTest" name="@BeforeSuite setUpSuite" time="0.0">
    <ignored/>
  </testcase> <!-- @BeforeSuite setUpSuite -->
  <testcase classname="tests.BaseTest" name="@AfterSuite tearDownSuite" time="0.0">
    <ignored/>
  </testcase> <!-- @AfterSuite tearDownSuite -->
  <testcase classname="tests.BaseTest" name="@BeforeSuite setUpSuite" time="0.0">
    <ignored/>
  </testcase> <!-- @BeforeSuite setUpSuite -->
  <testcase classname="tests.BaseTest" name="@AfterSuite tearDownSuite" time="0.0">
    <ignored/>
  </testcase> <!-- @AfterSuite tearDownSuite -->
</testsuite> <!-- Surefire test -->
