<?xml version="1.0" encoding="UTF-8"?>
<!-- Generated by org.testng.reporters.JUnitXMLReporter -->
<testsuite ignored="8" hostname="IN-61DF8C3" failures="1" tests="23" name="Test" time="180.547" errors="0" timestamp="2024-06-14T10:29:14 IST">
  <testcase classname="tests.HomePageTest" name="verifyHomePageTitle" time="0.04"/>
  <testcase classname="tests.HomePageTest" name="verifyGroceryNavigation" time="4.918"/>
  <testcase classname="tests.HomePageTest" name="testSearchFunctionality" time="2.527"/>
  <testcase classname="tests.HomePageTest" name="testSearchFunctionality" time="2.44"/>
  <testcase classname="tests.HomePageTest" name="testGoToLoginPage" time="2.385"/>
  <testcase classname="tests.HomePageTest" name="verifyCartIconPresence" time="0.046"/>
  <testcase classname="tests.HomePageTest" name="verifyFlipkartLogoPresence" time="0.045"/>
  <testcase classname="tests.LoginTest" name="testEnterEmail" time="2.615"/>
  <testcase classname="tests.LoginTest" name="testGoToSignupPage" time="2.614"/>
  <testcase classname="tests.ProductsPageTest" name="testAddToCart" time="6.711"/>
  <testcase classname="tests.CartPageTest" name="verifyProductAddedToCart" time="8.086"/>
  <testcase classname="tests.CartPageTest" name="verifyIncreaseQuantity" time="8.984"/>
  <testcase classname="tests.CartPageTest" name="verifyRemoveProduct" time="9.135"/>
  <testcase classname="tests.FooterLinkTest" name="verifyAboutUsLinkPresence" time="0.23"/>
  <testcase classname="tests.FooterLinkTest" name="verifyContactUsLinkPresence" time="0.031"/>
  <testcase classname="tests.FooterLinkTest" name="verifyCareersLinkPresence" time="0.028"/>
  <testcase classname="tests.FooterLinkTest" name="verifyPrivacyPolicyLinkPresence" time="0.076"/>
  <testcase classname="tests.FooterLinkTest" name="verifyMyntraLinkPresence" time="0.029"/>
  <testcase classname="tests.FooterLinkTest" name="verifyNavigationToAboutUsPage" time="15.424"/>
  <testcase classname="tests.FooterLinkTest" name="verifyNavigationToContactUsPage" time="1.003"/>
  <testcase classname="tests.FooterLinkTest" name="verifyNavigationToCareersPage" time="2.174">
    <failure type="java.lang.AssertionError" message="Failed to navigate to Careers page. expected [true] but found [false]">
      <![CDATA[java.lang.AssertionError: Failed to navigate to Careers page. expected [true] but found [false]
at tests.FooterLinkTest.verifyNavigationToCareersPage(FooterLinkTest.java:129)
at java.base/java.util.ArrayList.forEach(ArrayList.java:1511)
... Removed 30 stack frames]]>
    </failure>
  </testcase> <!-- verifyNavigationToCareersPage -->
  <testcase classname="tests.FooterLinkTest" name="verifyNavigationToPrivacyPolicyPage" time="1.071"/>
  <testcase classname="tests.FooterLinkTest" name="verifyNavigationToMyntraPage" time="3.212"/>
  <testcase classname="tests.BaseTest" name="@AfterSuite tearDownSuite" time="0.0">
    <ignored/>
  </testcase> <!-- @AfterSuite tearDownSuite -->
  <testcase classname="tests.BaseTest" name="@BeforeSuite setUpSuite" time="0.0">
    <ignored/>
  </testcase> <!-- @BeforeSuite setUpSuite -->
  <testcase classname="tests.BaseTest" name="@BeforeSuite setUpSuite" time="0.0">
    <ignored/>
  </testcase> <!-- @BeforeSuite setUpSuite -->
  <testcase classname="tests.BaseTest" name="@AfterSuite tearDownSuite" time="0.0">
    <ignored/>
  </testcase> <!-- @AfterSuite tearDownSuite -->
  <testcase classname="tests.BaseTest" name="@AfterSuite tearDownSuite" time="0.0">
    <ignored/>
  </testcase> <!-- @AfterSuite tearDownSuite -->
  <testcase classname="tests.BaseTest" name="@BeforeSuite setUpSuite" time="0.0">
    <ignored/>
  </testcase> <!-- @BeforeSuite setUpSuite -->
  <testcase classname="tests.BaseTest" name="@BeforeSuite setUpSuite" time="0.0">
    <ignored/>
  </testcase> <!-- @BeforeSuite setUpSuite -->
  <testcase classname="tests.BaseTest" name="@AfterSuite tearDownSuite" time="0.0">
    <ignored/>
  </testcase> <!-- @AfterSuite tearDownSuite -->
</testsuite> <!-- Test -->
