<?xml version="1.0" encoding="UTF-8"?>
<testng-results ignored="0" total="23" passed="22" failed="1" skipped="0">
  <reporter-output>
  </reporter-output>
  <suite started-at="2024-06-14T10:51:44 IST" name="Surefire suite" finished-at="2024-06-14T10:54:30 IST" duration-ms="165988">
    <groups>
      <group name="footer">
        <method signature="FooterLinkTest.verifyAboutUsLinkPresence()[pri:1, instance:tests.FooterLinkTest@2289aca5]" name="verifyAboutUsLinkPresence" class="tests.FooterLinkTest"/>
        <method signature="FooterLinkTest.verifyContactUsLinkPresence()[pri:2, instance:tests.FooterLinkTest@2289aca5]" name="verifyContactUsLinkPresence" class="tests.FooterLinkTest"/>
        <method signature="FooterLinkTest.verifyCareersLinkPresence()[pri:3, instance:tests.FooterLinkTest@2289aca5]" name="verifyCareersLinkPresence" class="tests.FooterLinkTest"/>
        <method signature="FooterLinkTest.verifyPrivacyPolicyLinkPresence()[pri:4, instance:tests.FooterLinkTest@2289aca5]" name="verifyPrivacyPolicyLinkPresence" class="tests.FooterLinkTest"/>
        <method signature="FooterLinkTest.verifyMyntraLinkPresence()[pri:5, instance:tests.FooterLinkTest@2289aca5]" name="verifyMyntraLinkPresence" class="tests.FooterLinkTest"/>
        <method signature="FooterLinkTest.verifyNavigationToAboutUsPage()[pri:6, instance:tests.FooterLinkTest@2289aca5]" name="verifyNavigationToAboutUsPage" class="tests.FooterLinkTest"/>
        <method signature="FooterLinkTest.verifyNavigationToContactUsPage()[pri:7, instance:tests.FooterLinkTest@2289aca5]" name="verifyNavigationToContactUsPage" class="tests.FooterLinkTest"/>
        <method signature="FooterLinkTest.verifyNavigationToCareersPage()[pri:8, instance:tests.FooterLinkTest@2289aca5]" name="verifyNavigationToCareersPage" class="tests.FooterLinkTest"/>
        <method signature="FooterLinkTest.verifyNavigationToPrivacyPolicyPage()[pri:9, instance:tests.FooterLinkTest@2289aca5]" name="verifyNavigationToPrivacyPolicyPage" class="tests.FooterLinkTest"/>
        <method signature="FooterLinkTest.verifyNavigationToMyntraPage()[pri:10, instance:tests.FooterLinkTest@2289aca5]" name="verifyNavigationToMyntraPage" class="tests.FooterLinkTest"/>
      </group> <!-- footer -->
      <group name="addToCart">
        <method signature="ProductsPageTest.testAddToCart()[pri:1, instance:tests.ProductsPageTest@f9d87b]" name="testAddToCart" class="tests.ProductsPageTest"/>
      </group> <!-- addToCart -->
      <group name="login">
        <method signature="LoginTest.testEnterEmail(java.lang.String,java.lang.String,java.lang.String,java.lang.String,java.lang.String)[pri:1, instance:tests.LoginTest@184497d1]" name="testEnterEmail" class="tests.LoginTest"/>
        <method signature="LoginTest.testGoToSignupPage()[pri:2, instance:tests.LoginTest@184497d1]" name="testGoToSignupPage" class="tests.LoginTest"/>
      </group> <!-- login -->
      <group name="cart">
        <method signature="CartPageTest.verifyProductAddedToCart(java.lang.String,java.lang.String,java.lang.String,java.lang.String)[pri:1, instance:tests.CartPageTest@452ba1db]" name="verifyProductAddedToCart" class="tests.CartPageTest"/>
        <method signature="CartPageTest.verifyIncreaseQuantity()[pri:2, instance:tests.CartPageTest@452ba1db]" name="verifyIncreaseQuantity" class="tests.CartPageTest"/>
        <method signature="CartPageTest.verifyRemoveProduct()[pri:3, instance:tests.CartPageTest@452ba1db]" name="verifyRemoveProduct" class="tests.CartPageTest"/>
      </group> <!-- cart -->
      <group name="home">
        <method signature="HomePageTest.verifyHomePageTitle()[pri:1, instance:tests.HomePageTest@76a36b71]" name="verifyHomePageTitle" class="tests.HomePageTest"/>
        <method signature="HomePageTest.verifyGroceryNavigation()[pri:2, instance:tests.HomePageTest@76a36b71]" name="verifyGroceryNavigation" class="tests.HomePageTest"/>
        <method signature="HomePageTest.testSearchFunctionality(java.lang.String,java.lang.String,java.lang.String,java.lang.String,java.lang.String)[pri:3, instance:tests.HomePageTest@76a36b71]" name="testSearchFunctionality" class="tests.HomePageTest"/>
        <method signature="HomePageTest.testGoToLoginPage()[pri:4, instance:tests.HomePageTest@76a36b71]" name="testGoToLoginPage" class="tests.HomePageTest"/>
        <method signature="HomePageTest.verifyCartIconPresence()[pri:5, instance:tests.HomePageTest@76a36b71]" name="verifyCartIconPresence" class="tests.HomePageTest"/>
        <method signature="HomePageTest.verifyFlipkartLogoPresence()[pri:6, instance:tests.HomePageTest@76a36b71]" name="verifyFlipkartLogoPresence" class="tests.HomePageTest"/>
      </group> <!-- home -->
    </groups>
    <test started-at="2024-06-14T10:51:44 IST" name="Surefire test" finished-at="2024-06-14T10:54:30 IST" duration-ms="165988">
      <class name="tests.LoginTest">
        <test-method is-config="true" signature="setUp()[pri:0, instance:tests.LoginTest@184497d1]" started-at="2024-06-14T10:53:59 IST" name="setUp" finished-at="2024-06-14T10:54:04 IST" duration-ms="4251" status="PASS">
          <reporter-output>
          </reporter-output>
        </test-method> <!-- setUp -->
        <test-method signature="testEnterEmail(java.lang.String,java.lang.String,java.lang.String,java.lang.String,java.lang.String)[pri:1, instance:tests.LoginTest@184497d1]" started-at="2024-06-14T10:54:04 IST" name="testEnterEmail" data-provider="loginData" finished-at="2024-06-14T10:54:07 IST" duration-ms="2835" status="PASS">
          <params>
            <param index="0">
              <value>
                <![CDATA[TC004]]>
              </value>
            </param>
            <param index="1">
              <value>
                <![CDATA[Enter Email]]>
              </value>
            </param>
            <param index="2">
              <value>
                <![CDATA[yes]]>
              </value>
            </param>
            <param index="3">
              <value>
                <![CDATA[admin@admin.com]]>
              </value>
            </param>
            <param index="4">
              <value>
                <![CDATA[admin@admin.com]]>
              </value>
            </param>
          </params>
          <reporter-output>
          </reporter-output>
        </test-method> <!-- testEnterEmail -->
        <test-method is-config="true" signature="tearDown(org.testng.ITestResult)[pri:0, instance:tests.LoginTest@184497d1]" started-at="2024-06-14T10:54:07 IST" name="tearDown" finished-at="2024-06-14T10:54:07 IST" duration-ms="851" status="PASS">
          <params>
            <param index="0">
              <value>
                <![CDATA[[TestResult name=testEnterEmail status=SUCCESS method=LoginTest.testEnterEmail(java.lang.String,java.lang.String,java.lang.String,java.lang.String,java.lang.String)[pri:1, instance:tests.LoginTest@184497d1] output={null}]]]>
              </value>
            </param>
          </params>
          <reporter-output>
          </reporter-output>
        </test-method> <!-- tearDown -->
        <test-method is-config="true" signature="setUp()[pri:0, instance:tests.LoginTest@184497d1]" started-at="2024-06-14T10:54:07 IST" name="setUp" finished-at="2024-06-14T10:54:11 IST" duration-ms="3429" status="PASS">
          <reporter-output>
          </reporter-output>
        </test-method> <!-- setUp -->
        <test-method signature="testGoToSignupPage()[pri:2, instance:tests.LoginTest@184497d1]" started-at="2024-06-14T10:54:11 IST" name="testGoToSignupPage" finished-at="2024-06-14T10:54:14 IST" duration-ms="2820" status="PASS">
          <reporter-output>
          </reporter-output>
        </test-method> <!-- testGoToSignupPage -->
        <test-method is-config="true" signature="tearDown(org.testng.ITestResult)[pri:0, instance:tests.LoginTest@184497d1]" started-at="2024-06-14T10:54:14 IST" name="tearDown" finished-at="2024-06-14T10:54:14 IST" duration-ms="867" status="PASS">
          <params>
            <param index="0">
              <value>
                <![CDATA[[TestResult name=testGoToSignupPage status=SUCCESS method=LoginTest.testGoToSignupPage()[pri:2, instance:tests.LoginTest@184497d1] output={null}]]]>
              </value>
            </param>
          </params>
          <reporter-output>
          </reporter-output>
        </test-method> <!-- tearDown -->
      </class> <!-- tests.LoginTest -->
      <class name="tests.CartPageTest">
        <test-method is-config="true" signature="setUp()[pri:0, instance:tests.CartPageTest@452ba1db]" started-at="2024-06-14T10:51:45 IST" name="setUp" finished-at="2024-06-14T10:51:50 IST" duration-ms="4948" status="PASS">
          <reporter-output>
          </reporter-output>
        </test-method> <!-- setUp -->
        <test-method signature="verifyProductAddedToCart(java.lang.String,java.lang.String,java.lang.String,java.lang.String)[pri:1, instance:tests.CartPageTest@452ba1db]" started-at="2024-06-14T10:51:50 IST" name="verifyProductAddedToCart" data-provider="addToCartData" finished-at="2024-06-14T10:51:57 IST" duration-ms="6750" status="PASS">
          <params>
            <param index="0">
              <value>
                <![CDATA[TC001]]>
              </value>
            </param>
            <param index="1">
              <value>
                <![CDATA[verifyProductAddedToCart]]>
              </value>
            </param>
            <param index="2">
              <value>
                <![CDATA[yes]]>
              </value>
            </param>
            <param index="3">
              <value>
                <![CDATA[iphone 15 plus]]>
              </value>
            </param>
          </params>
          <reporter-output>
          </reporter-output>
        </test-method> <!-- verifyProductAddedToCart -->
        <test-method is-config="true" signature="tearDown(org.testng.ITestResult)[pri:0, instance:tests.CartPageTest@452ba1db]" started-at="2024-06-14T10:51:57 IST" name="tearDown" finished-at="2024-06-14T10:51:58 IST" duration-ms="1029" status="PASS">
          <params>
            <param index="0">
              <value>
                <![CDATA[[TestResult name=verifyProductAddedToCart status=SUCCESS method=CartPageTest.verifyProductAddedToCart(java.lang.String,java.lang.String,java.lang.String,java.lang.String)[pri:1, instance:tests.CartPageTest@452ba1db] output={null}]]]>
              </value>
            </param>
          </params>
          <reporter-output>
          </reporter-output>
        </test-method> <!-- tearDown -->
        <test-method is-config="true" signature="setUp()[pri:0, instance:tests.CartPageTest@452ba1db]" started-at="2024-06-14T10:51:58 IST" name="setUp" finished-at="2024-06-14T10:52:01 IST" duration-ms="3321" status="PASS">
          <reporter-output>
          </reporter-output>
        </test-method> <!-- setUp -->
        <test-method signature="verifyIncreaseQuantity()[pri:2, instance:tests.CartPageTest@452ba1db]" started-at="2024-06-14T10:52:01 IST" name="verifyIncreaseQuantity" finished-at="2024-06-14T10:52:10 IST" duration-ms="8973" status="PASS">
          <reporter-output>
          </reporter-output>
        </test-method> <!-- verifyIncreaseQuantity -->
        <test-method is-config="true" signature="tearDown(org.testng.ITestResult)[pri:0, instance:tests.CartPageTest@452ba1db]" started-at="2024-06-14T10:52:10 IST" name="tearDown" finished-at="2024-06-14T10:52:11 IST" duration-ms="981" status="PASS">
          <params>
            <param index="0">
              <value>
                <![CDATA[[TestResult name=verifyIncreaseQuantity status=SUCCESS method=CartPageTest.verifyIncreaseQuantity()[pri:2, instance:tests.CartPageTest@452ba1db] output={null}]]]>
              </value>
            </param>
          </params>
          <reporter-output>
          </reporter-output>
        </test-method> <!-- tearDown -->
        <test-method is-config="true" signature="setUp()[pri:0, instance:tests.CartPageTest@452ba1db]" started-at="2024-06-14T10:52:11 IST" name="setUp" finished-at="2024-06-14T10:52:15 IST" duration-ms="3617" status="PASS">
          <reporter-output>
          </reporter-output>
        </test-method> <!-- setUp -->
        <test-method signature="verifyRemoveProduct()[pri:3, instance:tests.CartPageTest@452ba1db]" started-at="2024-06-14T10:52:15 IST" name="verifyRemoveProduct" finished-at="2024-06-14T10:52:19 IST" duration-ms="4414" status="FAIL">
          <exception class="org.openqa.selenium.StaleElementReferenceException">
            <message>
              <![CDATA[stale element reference: stale element not found in the current frame
  (Session info: chrome=125.0.6422.142)
For documentation on this error, please visit: https://www.selenium.dev/documentation/webdriver/troubleshooting/errors#stale-element-reference-exception
Build info: version: '4.21.0', revision: '79ed462ef4'
System info: os.name: 'Windows 10', os.arch: 'amd64', os.version: '10.0', java.version: '11.0.1'
Driver info: org.openqa.selenium.chrome.ChromeDriver
Command: [c11e25752bebf529953d17754af78279, actions {actions=[org.openqa.selenium.interactions.Sequence@18e4674d]}]
Capabilities {acceptInsecureCerts: false, browserName: chrome, browserVersion: 125.0.6422.142, chrome: {chromedriverVersion: 125.0.6422.141 (4b1e8393712..., userDataDir: C:\Users\ASHISH~1\AppData\L...}, fedcm:accounts: true, goog:chromeOptions: {debuggerAddress: localhost:54608}, networkConnectionEnabled: false, pageLoadStrategy: normal, platformName: windows, proxy: Proxy(), se:cdp: ws://localhost:54608/devtoo..., se:cdpVersion: 125.0.6422.142, setWindowRect: true, strictFileInteractability: false, timeouts: {implicit: 0, pageLoad: 300000, script: 30000}, unhandledPromptBehavior: dismiss and notify, webauthn:extension:credBlob: true, webauthn:extension:largeBlob: true, webauthn:extension:minPinLength: true, webauthn:extension:prf: true, webauthn:virtualAuthenticators: true}
Session ID: c11e25752bebf529953d17754af78279]]>
            </message>
            <full-stacktrace>
              <![CDATA[org.openqa.selenium.StaleElementReferenceException: stale element reference: stale element not found in the current frame
  (Session info: chrome=125.0.6422.142)
For documentation on this error, please visit: https://www.selenium.dev/documentation/webdriver/troubleshooting/errors#stale-element-reference-exception
Build info: version: '4.21.0', revision: '79ed462ef4'
System info: os.name: 'Windows 10', os.arch: 'amd64', os.version: '10.0', java.version: '11.0.1'
Driver info: org.openqa.selenium.chrome.ChromeDriver
Command: [c11e25752bebf529953d17754af78279, actions {actions=[org.openqa.selenium.interactions.Sequence@18e4674d]}]
Capabilities {acceptInsecureCerts: false, browserName: chrome, browserVersion: 125.0.6422.142, chrome: {chromedriverVersion: 125.0.6422.141 (4b1e8393712..., userDataDir: C:\Users\ASHISH~1\AppData\L...}, fedcm:accounts: true, goog:chromeOptions: {debuggerAddress: localhost:54608}, networkConnectionEnabled: false, pageLoadStrategy: normal, platformName: windows, proxy: Proxy(), se:cdp: ws://localhost:54608/devtoo..., se:cdpVersion: 125.0.6422.142, setWindowRect: true, strictFileInteractability: false, timeouts: {implicit: 0, pageLoad: 300000, script: 30000}, unhandledPromptBehavior: dismiss and notify, webauthn:extension:credBlob: true, webauthn:extension:largeBlob: true, webauthn:extension:minPinLength: true, webauthn:extension:prf: true, webauthn:virtualAuthenticators: true}
Session ID: c11e25752bebf529953d17754af78279
at java.base/jdk.internal.reflect.NativeConstructorAccessorImpl.newInstance0(Native Method)
at java.base/jdk.internal.reflect.NativeConstructorAccessorImpl.newInstance(NativeConstructorAccessorImpl.java:62)
at java.base/jdk.internal.reflect.DelegatingConstructorAccessorImpl.newInstance(DelegatingConstructorAccessorImpl.java:45)
at java.base/java.lang.reflect.Constructor.newInstance(Constructor.java:490)
at org.openqa.selenium.remote.ErrorCodec.decode(ErrorCodec.java:167)
at org.openqa.selenium.remote.codec.w3c.W3CHttpResponseCodec.decode(W3CHttpResponseCodec.java:138)
at org.openqa.selenium.remote.codec.w3c.W3CHttpResponseCodec.decode(W3CHttpResponseCodec.java:50)
at org.openqa.selenium.remote.HttpCommandExecutor.execute(HttpCommandExecutor.java:190)
at org.openqa.selenium.remote.service.DriverCommandExecutor.invokeExecute(DriverCommandExecutor.java:216)
at org.openqa.selenium.remote.service.DriverCommandExecutor.execute(DriverCommandExecutor.java:174)
at org.openqa.selenium.remote.RemoteWebDriver.execute(RemoteWebDriver.java:518)
at org.openqa.selenium.remote.RemoteWebDriver.perform(RemoteWebDriver.java:604)
at org.openqa.selenium.interactions.Actions$BuiltAction.perform(Actions.java:603)
at pages.ProductPage.clickAddToCart(ProductPage.java:59)
at tests.CartPageTest.verifyRemoveProduct(CartPageTest.java:75)
at java.base/jdk.internal.reflect.NativeMethodAccessorImpl.invoke0(Native Method)
at java.base/jdk.internal.reflect.NativeMethodAccessorImpl.invoke(NativeMethodAccessorImpl.java:62)
at java.base/jdk.internal.reflect.DelegatingMethodAccessorImpl.invoke(DelegatingMethodAccessorImpl.java:43)
at java.base/java.lang.reflect.Method.invoke(Method.java:566)
at org.testng.internal.invokers.MethodInvocationHelper.invokeMethod(MethodInvocationHelper.java:141)
at org.testng.internal.invokers.TestInvoker.invokeMethod(TestInvoker.java:686)
at org.testng.internal.invokers.TestInvoker.invokeTestMethod(TestInvoker.java:230)
at org.testng.internal.invokers.MethodRunner.runInSequence(MethodRunner.java:63)
at org.testng.internal.invokers.TestInvoker$MethodInvocationAgent.invoke(TestInvoker.java:992)
at org.testng.internal.invokers.TestInvoker.invokeTestMethods(TestInvoker.java:203)
at org.testng.internal.invokers.TestMethodWorker.invokeTestMethods(TestMethodWorker.java:154)
at org.testng.internal.invokers.TestMethodWorker.run(TestMethodWorker.java:134)
at java.base/java.util.ArrayList.forEach(ArrayList.java:1540)
at org.testng.TestRunner.privateRun(TestRunner.java:739)
at org.testng.TestRunner.run(TestRunner.java:614)
at org.testng.SuiteRunner.runTest(SuiteRunner.java:421)
at org.testng.SuiteRunner.runSequentially(SuiteRunner.java:413)
at org.testng.SuiteRunner.privateRun(SuiteRunner.java:373)
at org.testng.SuiteRunner.run(SuiteRunner.java:312)
at org.testng.SuiteRunnerWorker.runSuite(SuiteRunnerWorker.java:52)
at org.testng.SuiteRunnerWorker.run(SuiteRunnerWorker.java:95)
at org.testng.TestNG.runSuitesSequentially(TestNG.java:1274)
at org.testng.TestNG.runSuitesLocally(TestNG.java:1208)
at org.testng.TestNG.runSuites(TestNG.java:1112)
at org.testng.TestNG.run(TestNG.java:1079)
at org.apache.maven.surefire.testng.TestNGExecutor.run(TestNGExecutor.java:155)
at org.apache.maven.surefire.testng.TestNGDirectoryTestSuite.executeMulti(TestNGDirectoryTestSuite.java:169)
at org.apache.maven.surefire.testng.TestNGDirectoryTestSuite.execute(TestNGDirectoryTestSuite.java:88)
at org.apache.maven.surefire.testng.TestNGProvider.invoke(TestNGProvider.java:137)
at org.apache.maven.surefire.booter.ForkedBooter.runSuitesInProcess(ForkedBooter.java:385)
at org.apache.maven.surefire.booter.ForkedBooter.execute(ForkedBooter.java:162)
at org.apache.maven.surefire.booter.ForkedBooter.run(ForkedBooter.java:507)
at org.apache.maven.surefire.booter.ForkedBooter.main(ForkedBooter.java:495)
]]>
            </full-stacktrace>
          </exception> <!-- org.openqa.selenium.StaleElementReferenceException -->
          <reporter-output>
          </reporter-output>
        </test-method> <!-- verifyRemoveProduct -->
        <test-method is-config="true" signature="tearDown(org.testng.ITestResult)[pri:0, instance:tests.CartPageTest@452ba1db]" started-at="2024-06-14T10:52:19 IST" name="tearDown" finished-at="2024-06-14T10:52:20 IST" duration-ms="1038" status="PASS">
          <params>
            <param index="0">
              <value>
                <![CDATA[[TestResult name=verifyRemoveProduct status=FAILURE method=CartPageTest.verifyRemoveProduct()[pri:3, instance:tests.CartPageTest@452ba1db] output={null}]]]>
              </value>
            </param>
          </params>
          <reporter-output>
          </reporter-output>
        </test-method> <!-- tearDown -->
      </class> <!-- tests.CartPageTest -->
      <class name="tests.ProductsPageTest">
        <test-method is-config="true" signature="setUp()[pri:0, instance:tests.ProductsPageTest@f9d87b]" started-at="2024-06-14T10:54:14 IST" name="setUp" finished-at="2024-06-14T10:54:21 IST" duration-ms="6392" status="PASS">
          <reporter-output>
          </reporter-output>
        </test-method> <!-- setUp -->
        <test-method signature="testAddToCart()[pri:1, instance:tests.ProductsPageTest@f9d87b]" started-at="2024-06-14T10:54:21 IST" name="testAddToCart" finished-at="2024-06-14T10:54:29 IST" duration-ms="7984" status="PASS">
          <reporter-output>
          </reporter-output>
        </test-method> <!-- testAddToCart -->
        <test-method is-config="true" signature="tearDown(org.testng.ITestResult)[pri:0, instance:tests.ProductsPageTest@f9d87b]" started-at="2024-06-14T10:54:29 IST" name="tearDown" finished-at="2024-06-14T10:54:30 IST" duration-ms="909" status="PASS">
          <params>
            <param index="0">
              <value>
                <![CDATA[[TestResult name=testAddToCart status=SUCCESS method=ProductsPageTest.testAddToCart()[pri:1, instance:tests.ProductsPageTest@f9d87b] output={null}]]]>
              </value>
            </param>
          </params>
          <reporter-output>
          </reporter-output>
        </test-method> <!-- tearDown -->
      </class> <!-- tests.ProductsPageTest -->
      <class name="tests.HomePageTest">
        <test-method is-config="true" signature="setUp()[pri:0, instance:tests.HomePageTest@76a36b71]" started-at="2024-06-14T10:53:14 IST" name="setUp" finished-at="2024-06-14T10:53:18 IST" duration-ms="3319" status="PASS">
          <reporter-output>
          </reporter-output>
        </test-method> <!-- setUp -->
        <test-method signature="verifyHomePageTitle()[pri:1, instance:tests.HomePageTest@76a36b71]" started-at="2024-06-14T10:53:18 IST" name="verifyHomePageTitle" finished-at="2024-06-14T10:53:18 IST" duration-ms="8" status="PASS">
          <reporter-output>
          </reporter-output>
        </test-method> <!-- verifyHomePageTitle -->
        <test-method is-config="true" signature="tearDown(org.testng.ITestResult)[pri:0, instance:tests.HomePageTest@76a36b71]" started-at="2024-06-14T10:53:18 IST" name="tearDown" finished-at="2024-06-14T10:53:19 IST" duration-ms="1073" status="PASS">
          <params>
            <param index="0">
              <value>
                <![CDATA[[TestResult name=verifyHomePageTitle status=SUCCESS method=HomePageTest.verifyHomePageTitle()[pri:1, instance:tests.HomePageTest@76a36b71] output={null}]]]>
              </value>
            </param>
          </params>
          <reporter-output>
          </reporter-output>
        </test-method> <!-- tearDown -->
        <test-method is-config="true" signature="setUp()[pri:0, instance:tests.HomePageTest@76a36b71]" started-at="2024-06-14T10:53:19 IST" name="setUp" finished-at="2024-06-14T10:53:22 IST" duration-ms="3264" status="PASS">
          <reporter-output>
          </reporter-output>
        </test-method> <!-- setUp -->
        <test-method signature="verifyGroceryNavigation()[pri:2, instance:tests.HomePageTest@76a36b71]" started-at="2024-06-14T10:53:22 IST" name="verifyGroceryNavigation" finished-at="2024-06-14T10:53:26 IST" duration-ms="4116" status="PASS">
          <reporter-output>
          </reporter-output>
        </test-method> <!-- verifyGroceryNavigation -->
        <test-method is-config="true" signature="tearDown(org.testng.ITestResult)[pri:0, instance:tests.HomePageTest@76a36b71]" started-at="2024-06-14T10:53:26 IST" name="tearDown" finished-at="2024-06-14T10:53:27 IST" duration-ms="1035" status="PASS">
          <params>
            <param index="0">
              <value>
                <![CDATA[[TestResult name=verifyGroceryNavigation status=SUCCESS method=HomePageTest.verifyGroceryNavigation()[pri:2, instance:tests.HomePageTest@76a36b71] output={null}]]]>
              </value>
            </param>
          </params>
          <reporter-output>
          </reporter-output>
        </test-method> <!-- tearDown -->
        <test-method is-config="true" signature="setUp()[pri:0, instance:tests.HomePageTest@76a36b71]" started-at="2024-06-14T10:53:27 IST" name="setUp" finished-at="2024-06-14T10:53:31 IST" duration-ms="3406" status="PASS">
          <reporter-output>
          </reporter-output>
        </test-method> <!-- setUp -->
        <test-method signature="testSearchFunctionality(java.lang.String,java.lang.String,java.lang.String,java.lang.String,java.lang.String)[pri:3, instance:tests.HomePageTest@76a36b71]" started-at="2024-06-14T10:53:31 IST" name="testSearchFunctionality" data-provider="searchData" finished-at="2024-06-14T10:53:33 IST" duration-ms="2300" status="PASS">
          <params>
            <param index="0">
              <value>
                <![CDATA[TC001]]>
              </value>
            </param>
            <param index="1">
              <value>
                <![CDATA[Search]]>
              </value>
            </param>
            <param index="2">
              <value>
                <![CDATA[yes]]>
              </value>
            </param>
            <param index="3">
              <value>
                <![CDATA[laptop]]>
              </value>
            </param>
            <param index="4">
              <value>
                <![CDATA[Laptop- Buy Products Online at Best Price in India - All Categories | Flipkart.com]]>
              </value>
            </param>
          </params>
          <reporter-output>
          </reporter-output>
        </test-method> <!-- testSearchFunctionality -->
        <test-method is-config="true" signature="tearDown(org.testng.ITestResult)[pri:0, instance:tests.HomePageTest@76a36b71]" started-at="2024-06-14T10:53:33 IST" name="tearDown" finished-at="2024-06-14T10:53:34 IST" duration-ms="900" status="PASS">
          <params>
            <param index="0">
              <value>
                <![CDATA[[TestResult name=testSearchFunctionality status=SUCCESS method=HomePageTest.testSearchFunctionality(java.lang.String,java.lang.String,java.lang.String,java.lang.String,java.lang.String)[pri:3, instance:tests.HomePageTest@76a36b71] output={null}]]]>
              </value>
            </param>
          </params>
          <reporter-output>
          </reporter-output>
        </test-method> <!-- tearDown -->
        <test-method is-config="true" signature="setUp()[pri:0, instance:tests.HomePageTest@76a36b71]" started-at="2024-06-14T10:53:34 IST" name="setUp" finished-at="2024-06-14T10:53:37 IST" duration-ms="3265" status="PASS">
          <reporter-output>
          </reporter-output>
        </test-method> <!-- setUp -->
        <test-method signature="testSearchFunctionality(java.lang.String,java.lang.String,java.lang.String,java.lang.String,java.lang.String)[pri:3, instance:tests.HomePageTest@76a36b71]" started-at="2024-06-14T10:53:37 IST" name="testSearchFunctionality" data-provider="searchData" finished-at="2024-06-14T10:53:40 IST" duration-ms="2656" status="PASS">
          <params>
            <param index="0">
              <value>
                <![CDATA[TC002]]>
              </value>
            </param>
            <param index="1">
              <value>
                <![CDATA[Search]]>
              </value>
            </param>
            <param index="2">
              <value>
                <![CDATA[yes]]>
              </value>
            </param>
            <param index="3">
              <value>
                <![CDATA[iphone]]>
              </value>
            </param>
            <param index="4">
              <value>
                <![CDATA[Iphone- Buy Products Online at Best Price in India - All Categories | Flipkart.com]]>
              </value>
            </param>
          </params>
          <reporter-output>
          </reporter-output>
        </test-method> <!-- testSearchFunctionality -->
        <test-method is-config="true" signature="tearDown(org.testng.ITestResult)[pri:0, instance:tests.HomePageTest@76a36b71]" started-at="2024-06-14T10:53:40 IST" name="tearDown" finished-at="2024-06-14T10:53:41 IST" duration-ms="1326" status="PASS">
          <params>
            <param index="0">
              <value>
                <![CDATA[[TestResult name=testSearchFunctionality status=SUCCESS method=HomePageTest.testSearchFunctionality(java.lang.String,java.lang.String,java.lang.String,java.lang.String,java.lang.String)[pri:3, instance:tests.HomePageTest@76a36b71] output={null}]]]>
              </value>
            </param>
          </params>
          <reporter-output>
          </reporter-output>
        </test-method> <!-- tearDown -->
        <test-method is-config="true" signature="setUp()[pri:0, instance:tests.HomePageTest@76a36b71]" started-at="2024-06-14T10:53:41 IST" name="setUp" finished-at="2024-06-14T10:53:48 IST" duration-ms="6390" status="PASS">
          <reporter-output>
          </reporter-output>
        </test-method> <!-- setUp -->
        <test-method signature="testGoToLoginPage()[pri:4, instance:tests.HomePageTest@76a36b71]" started-at="2024-06-14T10:53:48 IST" name="testGoToLoginPage" finished-at="2024-06-14T10:53:49 IST" duration-ms="1815" status="PASS">
          <reporter-output>
          </reporter-output>
        </test-method> <!-- testGoToLoginPage -->
        <test-method is-config="true" signature="tearDown(org.testng.ITestResult)[pri:0, instance:tests.HomePageTest@76a36b71]" started-at="2024-06-14T10:53:49 IST" name="tearDown" finished-at="2024-06-14T10:53:51 IST" duration-ms="1212" status="PASS">
          <params>
            <param index="0">
              <value>
                <![CDATA[[TestResult name=testGoToLoginPage status=SUCCESS method=HomePageTest.testGoToLoginPage()[pri:4, instance:tests.HomePageTest@76a36b71] output={null}]]]>
              </value>
            </param>
          </params>
          <reporter-output>
          </reporter-output>
        </test-method> <!-- tearDown -->
        <test-method is-config="true" signature="setUp()[pri:0, instance:tests.HomePageTest@76a36b71]" started-at="2024-06-14T10:53:51 IST" name="setUp" finished-at="2024-06-14T10:53:54 IST" duration-ms="3150" status="PASS">
          <reporter-output>
          </reporter-output>
        </test-method> <!-- setUp -->
        <test-method signature="verifyCartIconPresence()[pri:5, instance:tests.HomePageTest@76a36b71]" started-at="2024-06-14T10:53:54 IST" name="verifyCartIconPresence" finished-at="2024-06-14T10:53:54 IST" duration-ms="42" status="PASS">
          <reporter-output>
          </reporter-output>
        </test-method> <!-- verifyCartIconPresence -->
        <test-method is-config="true" signature="tearDown(org.testng.ITestResult)[pri:0, instance:tests.HomePageTest@76a36b71]" started-at="2024-06-14T10:53:54 IST" name="tearDown" finished-at="2024-06-14T10:53:55 IST" duration-ms="1047" status="PASS">
          <params>
            <param index="0">
              <value>
                <![CDATA[[TestResult name=verifyCartIconPresence status=SUCCESS method=HomePageTest.verifyCartIconPresence()[pri:5, instance:tests.HomePageTest@76a36b71] output={null}]]]>
              </value>
            </param>
          </params>
          <reporter-output>
          </reporter-output>
        </test-method> <!-- tearDown -->
        <test-method is-config="true" signature="setUp()[pri:0, instance:tests.HomePageTest@76a36b71]" started-at="2024-06-14T10:53:55 IST" name="setUp" finished-at="2024-06-14T10:53:58 IST" duration-ms="3236" status="PASS">
          <reporter-output>
          </reporter-output>
        </test-method> <!-- setUp -->
        <test-method signature="verifyFlipkartLogoPresence()[pri:6, instance:tests.HomePageTest@76a36b71]" started-at="2024-06-14T10:53:58 IST" name="verifyFlipkartLogoPresence" finished-at="2024-06-14T10:53:58 IST" duration-ms="48" status="PASS">
          <reporter-output>
          </reporter-output>
        </test-method> <!-- verifyFlipkartLogoPresence -->
        <test-method is-config="true" signature="tearDown(org.testng.ITestResult)[pri:0, instance:tests.HomePageTest@76a36b71]" started-at="2024-06-14T10:53:58 IST" name="tearDown" finished-at="2024-06-14T10:53:59 IST" duration-ms="1181" status="PASS">
          <params>
            <param index="0">
              <value>
                <![CDATA[[TestResult name=verifyFlipkartLogoPresence status=SUCCESS method=HomePageTest.verifyFlipkartLogoPresence()[pri:6, instance:tests.HomePageTest@76a36b71] output={null}]]]>
              </value>
            </param>
          </params>
          <reporter-output>
          </reporter-output>
        </test-method> <!-- tearDown -->
      </class> <!-- tests.HomePageTest -->
      <class name="tests.BaseTest">
        <test-method is-config="true" signature="setUpSuite()[pri:0, instance:tests.BaseTest@4e76dac]" started-at="2024-06-14T10:51:43 IST" name="setUpSuite" finished-at="2024-06-14T10:51:44 IST" duration-ms="468" status="PASS">
          <reporter-output>
          </reporter-output>
        </test-method> <!-- setUpSuite -->
        <test-method is-config="true" signature="tearDownSuite()[pri:0, instance:tests.BaseTest@4e76dac]" started-at="2024-06-14T10:54:30 IST" name="tearDownSuite" finished-at="2024-06-14T10:54:31 IST" duration-ms="734" status="PASS">
          <reporter-output>
          </reporter-output>
        </test-method> <!-- tearDownSuite -->
      </class> <!-- tests.BaseTest -->
      <class name="tests.FooterLinkTest">
        <test-method is-config="true" signature="setUp()[pri:0, instance:tests.FooterLinkTest@2289aca5]" started-at="2024-06-14T10:52:20 IST" name="setUp" finished-at="2024-06-14T10:52:24 IST" duration-ms="3402" status="PASS">
          <reporter-output>
          </reporter-output>
        </test-method> <!-- setUp -->
        <test-method signature="verifyAboutUsLinkPresence()[pri:1, instance:tests.FooterLinkTest@2289aca5]" started-at="2024-06-14T10:52:24 IST" name="verifyAboutUsLinkPresence" finished-at="2024-06-14T10:52:24 IST" duration-ms="260" status="PASS">
          <reporter-output>
          </reporter-output>
        </test-method> <!-- verifyAboutUsLinkPresence -->
        <test-method is-config="true" signature="tearDown(org.testng.ITestResult)[pri:0, instance:tests.FooterLinkTest@2289aca5]" started-at="2024-06-14T10:52:24 IST" name="tearDown" finished-at="2024-06-14T10:52:25 IST" duration-ms="1148" status="PASS">
          <params>
            <param index="0">
              <value>
                <![CDATA[[TestResult name=verifyAboutUsLinkPresence status=SUCCESS method=FooterLinkTest.verifyAboutUsLinkPresence()[pri:1, instance:tests.FooterLinkTest@2289aca5] output={null}]]]>
              </value>
            </param>
          </params>
          <reporter-output>
          </reporter-output>
        </test-method> <!-- tearDown -->
        <test-method is-config="true" signature="setUp()[pri:0, instance:tests.FooterLinkTest@2289aca5]" started-at="2024-06-14T10:52:25 IST" name="setUp" finished-at="2024-06-14T10:52:28 IST" duration-ms="3281" status="PASS">
          <reporter-output>
          </reporter-output>
        </test-method> <!-- setUp -->
        <test-method signature="verifyContactUsLinkPresence()[pri:2, instance:tests.FooterLinkTest@2289aca5]" started-at="2024-06-14T10:52:28 IST" name="verifyContactUsLinkPresence" finished-at="2024-06-14T10:52:28 IST" duration-ms="27" status="PASS">
          <reporter-output>
          </reporter-output>
        </test-method> <!-- verifyContactUsLinkPresence -->
        <test-method is-config="true" signature="tearDown(org.testng.ITestResult)[pri:0, instance:tests.FooterLinkTest@2289aca5]" started-at="2024-06-14T10:52:28 IST" name="tearDown" finished-at="2024-06-14T10:52:30 IST" duration-ms="1011" status="PASS">
          <params>
            <param index="0">
              <value>
                <![CDATA[[TestResult name=verifyContactUsLinkPresence status=SUCCESS method=FooterLinkTest.verifyContactUsLinkPresence()[pri:2, instance:tests.FooterLinkTest@2289aca5] output={null}]]]>
              </value>
            </param>
          </params>
          <reporter-output>
          </reporter-output>
        </test-method> <!-- tearDown -->
        <test-method is-config="true" signature="setUp()[pri:0, instance:tests.FooterLinkTest@2289aca5]" started-at="2024-06-14T10:52:30 IST" name="setUp" finished-at="2024-06-14T10:52:33 IST" duration-ms="3252" status="PASS">
          <reporter-output>
          </reporter-output>
        </test-method> <!-- setUp -->
        <test-method signature="verifyCareersLinkPresence()[pri:3, instance:tests.FooterLinkTest@2289aca5]" started-at="2024-06-14T10:52:33 IST" name="verifyCareersLinkPresence" finished-at="2024-06-14T10:52:33 IST" duration-ms="27" status="PASS">
          <reporter-output>
          </reporter-output>
        </test-method> <!-- verifyCareersLinkPresence -->
        <test-method is-config="true" signature="tearDown(org.testng.ITestResult)[pri:0, instance:tests.FooterLinkTest@2289aca5]" started-at="2024-06-14T10:52:33 IST" name="tearDown" finished-at="2024-06-14T10:52:34 IST" duration-ms="1030" status="PASS">
          <params>
            <param index="0">
              <value>
                <![CDATA[[TestResult name=verifyCareersLinkPresence status=SUCCESS method=FooterLinkTest.verifyCareersLinkPresence()[pri:3, instance:tests.FooterLinkTest@2289aca5] output={null}]]]>
              </value>
            </param>
          </params>
          <reporter-output>
          </reporter-output>
        </test-method> <!-- tearDown -->
        <test-method is-config="true" signature="setUp()[pri:0, instance:tests.FooterLinkTest@2289aca5]" started-at="2024-06-14T10:52:34 IST" name="setUp" finished-at="2024-06-14T10:52:37 IST" duration-ms="3337" status="PASS">
          <reporter-output>
          </reporter-output>
        </test-method> <!-- setUp -->
        <test-method signature="verifyPrivacyPolicyLinkPresence()[pri:4, instance:tests.FooterLinkTest@2289aca5]" started-at="2024-06-14T10:52:37 IST" name="verifyPrivacyPolicyLinkPresence" finished-at="2024-06-14T10:52:37 IST" duration-ms="30" status="PASS">
          <reporter-output>
          </reporter-output>
        </test-method> <!-- verifyPrivacyPolicyLinkPresence -->
        <test-method is-config="true" signature="tearDown(org.testng.ITestResult)[pri:0, instance:tests.FooterLinkTest@2289aca5]" started-at="2024-06-14T10:52:37 IST" name="tearDown" finished-at="2024-06-14T10:52:38 IST" duration-ms="1050" status="PASS">
          <params>
            <param index="0">
              <value>
                <![CDATA[[TestResult name=verifyPrivacyPolicyLinkPresence status=SUCCESS method=FooterLinkTest.verifyPrivacyPolicyLinkPresence()[pri:4, instance:tests.FooterLinkTest@2289aca5] output={null}]]]>
              </value>
            </param>
          </params>
          <reporter-output>
          </reporter-output>
        </test-method> <!-- tearDown -->
        <test-method is-config="true" signature="setUp()[pri:0, instance:tests.FooterLinkTest@2289aca5]" started-at="2024-06-14T10:52:38 IST" name="setUp" finished-at="2024-06-14T10:52:41 IST" duration-ms="3259" status="PASS">
          <reporter-output>
          </reporter-output>
        </test-method> <!-- setUp -->
        <test-method signature="verifyMyntraLinkPresence()[pri:5, instance:tests.FooterLinkTest@2289aca5]" started-at="2024-06-14T10:52:41 IST" name="verifyMyntraLinkPresence" finished-at="2024-06-14T10:52:42 IST" duration-ms="29" status="PASS">
          <reporter-output>
          </reporter-output>
        </test-method> <!-- verifyMyntraLinkPresence -->
        <test-method is-config="true" signature="tearDown(org.testng.ITestResult)[pri:0, instance:tests.FooterLinkTest@2289aca5]" started-at="2024-06-14T10:52:42 IST" name="tearDown" finished-at="2024-06-14T10:52:43 IST" duration-ms="1066" status="PASS">
          <params>
            <param index="0">
              <value>
                <![CDATA[[TestResult name=verifyMyntraLinkPresence status=SUCCESS method=FooterLinkTest.verifyMyntraLinkPresence()[pri:5, instance:tests.FooterLinkTest@2289aca5] output={null}]]]>
              </value>
            </param>
          </params>
          <reporter-output>
          </reporter-output>
        </test-method> <!-- tearDown -->
        <test-method is-config="true" signature="setUp()[pri:0, instance:tests.FooterLinkTest@2289aca5]" started-at="2024-06-14T10:52:43 IST" name="setUp" finished-at="2024-06-14T10:52:46 IST" duration-ms="3161" status="PASS">
          <reporter-output>
          </reporter-output>
        </test-method> <!-- setUp -->
        <test-method signature="verifyNavigationToAboutUsPage()[pri:6, instance:tests.FooterLinkTest@2289aca5]" started-at="2024-06-14T10:52:46 IST" name="verifyNavigationToAboutUsPage" finished-at="2024-06-14T10:52:47 IST" duration-ms="1516" status="PASS">
          <reporter-output>
          </reporter-output>
        </test-method> <!-- verifyNavigationToAboutUsPage -->
        <test-method is-config="true" signature="tearDown(org.testng.ITestResult)[pri:0, instance:tests.FooterLinkTest@2289aca5]" started-at="2024-06-14T10:52:47 IST" name="tearDown" finished-at="2024-06-14T10:52:48 IST" duration-ms="1095" status="PASS">
          <params>
            <param index="0">
              <value>
                <![CDATA[[TestResult name=verifyNavigationToAboutUsPage status=SUCCESS method=FooterLinkTest.verifyNavigationToAboutUsPage()[pri:6, instance:tests.FooterLinkTest@2289aca5] output={null}]]]>
              </value>
            </param>
          </params>
          <reporter-output>
          </reporter-output>
        </test-method> <!-- tearDown -->
        <test-method is-config="true" signature="setUp()[pri:0, instance:tests.FooterLinkTest@2289aca5]" started-at="2024-06-14T10:52:48 IST" name="setUp" finished-at="2024-06-14T10:52:52 IST" duration-ms="3209" status="PASS">
          <reporter-output>
          </reporter-output>
        </test-method> <!-- setUp -->
        <test-method signature="verifyNavigationToContactUsPage()[pri:7, instance:tests.FooterLinkTest@2289aca5]" started-at="2024-06-14T10:52:52 IST" name="verifyNavigationToContactUsPage" finished-at="2024-06-14T10:52:53 IST" duration-ms="1105" status="PASS">
          <reporter-output>
          </reporter-output>
        </test-method> <!-- verifyNavigationToContactUsPage -->
        <test-method is-config="true" signature="tearDown(org.testng.ITestResult)[pri:0, instance:tests.FooterLinkTest@2289aca5]" started-at="2024-06-14T10:52:53 IST" name="tearDown" finished-at="2024-06-14T10:52:54 IST" duration-ms="956" status="PASS">
          <params>
            <param index="0">
              <value>
                <![CDATA[[TestResult name=verifyNavigationToContactUsPage status=SUCCESS method=FooterLinkTest.verifyNavigationToContactUsPage()[pri:7, instance:tests.FooterLinkTest@2289aca5] output={null}]]]>
              </value>
            </param>
          </params>
          <reporter-output>
          </reporter-output>
        </test-method> <!-- tearDown -->
        <test-method is-config="true" signature="setUp()[pri:0, instance:tests.FooterLinkTest@2289aca5]" started-at="2024-06-14T10:52:54 IST" name="setUp" finished-at="2024-06-14T10:52:57 IST" duration-ms="3202" status="PASS">
          <reporter-output>
          </reporter-output>
        </test-method> <!-- setUp -->
        <test-method signature="verifyNavigationToCareersPage()[pri:8, instance:tests.FooterLinkTest@2289aca5]" started-at="2024-06-14T10:52:57 IST" name="verifyNavigationToCareersPage" finished-at="2024-06-14T10:52:59 IST" duration-ms="2169" status="PASS">
          <reporter-output>
          </reporter-output>
        </test-method> <!-- verifyNavigationToCareersPage -->
        <test-method is-config="true" signature="tearDown(org.testng.ITestResult)[pri:0, instance:tests.FooterLinkTest@2289aca5]" started-at="2024-06-14T10:52:59 IST" name="tearDown" finished-at="2024-06-14T10:53:00 IST" duration-ms="938" status="PASS">
          <params>
            <param index="0">
              <value>
                <![CDATA[[TestResult name=verifyNavigationToCareersPage status=SUCCESS method=FooterLinkTest.verifyNavigationToCareersPage()[pri:8, instance:tests.FooterLinkTest@2289aca5] output={null}]]]>
              </value>
            </param>
          </params>
          <reporter-output>
          </reporter-output>
        </test-method> <!-- tearDown -->
        <test-method is-config="true" signature="setUp()[pri:0, instance:tests.FooterLinkTest@2289aca5]" started-at="2024-06-14T10:53:00 IST" name="setUp" finished-at="2024-06-14T10:53:03 IST" duration-ms="3232" status="PASS">
          <reporter-output>
          </reporter-output>
        </test-method> <!-- setUp -->
        <test-method signature="verifyNavigationToPrivacyPolicyPage()[pri:9, instance:tests.FooterLinkTest@2289aca5]" started-at="2024-06-14T10:53:03 IST" name="verifyNavigationToPrivacyPolicyPage" finished-at="2024-06-14T10:53:05 IST" duration-ms="1396" status="PASS">
          <reporter-output>
          </reporter-output>
        </test-method> <!-- verifyNavigationToPrivacyPolicyPage -->
        <test-method is-config="true" signature="tearDown(org.testng.ITestResult)[pri:0, instance:tests.FooterLinkTest@2289aca5]" started-at="2024-06-14T10:53:05 IST" name="tearDown" finished-at="2024-06-14T10:53:06 IST" duration-ms="996" status="PASS">
          <params>
            <param index="0">
              <value>
                <![CDATA[[TestResult name=verifyNavigationToPrivacyPolicyPage status=SUCCESS method=FooterLinkTest.verifyNavigationToPrivacyPolicyPage()[pri:9, instance:tests.FooterLinkTest@2289aca5] output={null}]]]>
              </value>
            </param>
          </params>
          <reporter-output>
          </reporter-output>
        </test-method> <!-- tearDown -->
        <test-method is-config="true" signature="setUp()[pri:0, instance:tests.FooterLinkTest@2289aca5]" started-at="2024-06-14T10:53:06 IST" name="setUp" finished-at="2024-06-14T10:53:09 IST" duration-ms="3221" status="PASS">
          <reporter-output>
          </reporter-output>
        </test-method> <!-- setUp -->
        <test-method signature="verifyNavigationToMyntraPage()[pri:10, instance:tests.FooterLinkTest@2289aca5]" started-at="2024-06-14T10:53:09 IST" name="verifyNavigationToMyntraPage" finished-at="2024-06-14T10:53:13 IST" duration-ms="4650" status="PASS">
          <reporter-output>
          </reporter-output>
        </test-method> <!-- verifyNavigationToMyntraPage -->
        <test-method is-config="true" signature="tearDown(org.testng.ITestResult)[pri:0, instance:tests.FooterLinkTest@2289aca5]" started-at="2024-06-14T10:53:13 IST" name="tearDown" finished-at="2024-06-14T10:53:14 IST" duration-ms="1005" status="PASS">
          <params>
            <param index="0">
              <value>
                <![CDATA[[TestResult name=verifyNavigationToMyntraPage status=SUCCESS method=FooterLinkTest.verifyNavigationToMyntraPage()[pri:10, instance:tests.FooterLinkTest@2289aca5] output={null}]]]>
              </value>
            </param>
          </params>
          <reporter-output>
          </reporter-output>
        </test-method> <!-- tearDown -->
      </class> <!-- tests.FooterLinkTest -->
    </test> <!-- Surefire test -->
  </suite> <!-- Surefire suite -->
</testng-results>
